[22:50:12] [main/INFO] [LaunchWrapper]: Loading tweak class name net.minecraftforge.fml.common.launcher.FMLServerTweaker
[22:50:12] [main/INFO] [LaunchWrapper]: Using primary tweak class name net.minecraftforge.fml.common.launcher.FMLServerTweaker
[22:50:12] [main/INFO] [LaunchWrapper]: Calling tweak class net.minecraftforge.fml.common.launcher.FMLServerTweaker
[22:50:12] [main/INFO] [FML]: Forge Mod Loader version 14.23.5.2860 for Minecraft 1.12.2 loading
[22:50:12] [main/INFO] [FML]: Java is OpenJDK 64-Bit Server VM, version 1.8.0_402, running on Linux:amd64:6.5.0-28-generic, installed at /home/nathan/.sdkman/candidates/java/8.0.402-tem/jre
[22:50:12] [main/INFO] [FML]: Searching /home/nathan/Documents/HEIG/minecraft-docker/api/minecraft-server-api/src/server-files/./mods for mods
[22:50:12] [main/INFO] [FML]: Searching /home/nathan/Documents/HEIG/minecraft-docker/api/minecraft-server-api/src/server-files/./mods/1.12.2 for mods
[22:50:12] [main/WARN] [FML]: Found FMLCorePluginContainsFMLMod marker in Apotheosis-1.12.2-1.12.5.jar. This is not recommended, @Mods should be in a separate jar from the coremod.
[22:50:12] [main/WARN] [FML]: The coremod ApotheosisCore (shadows.ApotheosisCore) is not signed!
[22:50:13] [main/WARN] [FML]: Found FMLCorePluginContainsFMLMod marker in Aroma1997Core-1.12.2-2.0.0.2.b167.jar. This is not recommended, @Mods should be in a separate jar from the coremod.
[22:50:13] [main/WARN] [FML]: The coremod aroma1997.core.coremod.CoreMod does not have a MCVersion annotation, it may cause issues with this version of Minecraft
[22:50:13] [main/WARN] [FML]: Found FMLCorePluginContainsFMLMod marker in astralsorcery-1.12.2-1.10.27.jar. This is not recommended, @Mods should be in a separate jar from the coremod.
[22:50:13] [main/WARN] [FML]: The coremod hellfirepvp.astralsorcery.core.AstralCore does not have a MCVersion annotation, it may cause issues with this version of Minecraft
[22:50:13] [main/INFO] [Astral Core]: [AstralCore] Initialized.
[22:50:13] [main/WARN] [FML]: Found FMLCorePluginContainsFMLMod marker in bedpatch-2.2-1.12.2.jar. This is not recommended, @Mods should be in a separate jar from the coremod.
[22:50:13] [main/WARN] [FML]: The coremod BedPatch (com.mordenkainen.bedpatch.BedPatch) is not signed!
[22:50:13] [main/WARN] [FML]: The coremod com.bloodnbonesgaming.bnbgamingcore.core.BNBGamingCorePlugin does not have a MCVersion annotation, it may cause issues with this version of Minecraft
[22:50:13] [main/WARN] [FML]: The coremod BNBGamingCore (com.bloodnbonesgaming.bnbgamingcore.core.BNBGamingCorePlugin) is not signed!
[22:50:13] [main/INFO] [FML]: Loading tweaker codechicken.asm.internal.Tweaker from ChickenASM-1.12-1.0.2.7.jar
[22:50:13] [main/WARN] [FML]: Found FMLCorePluginContainsFMLMod marker in CTM-MC1.12.2-1.0.2.31.jar. This is not recommended, @Mods should be in a separate jar from the coremod.
[22:50:13] [main/WARN] [FML]: The coremod team.chisel.ctm.client.asm.CTMCorePlugin does not have a MCVersion annotation, it may cause issues with this version of Minecraft
[22:50:13] [main/WARN] [FML]: The coremod CTMCorePlugin (team.chisel.ctm.client.asm.CTMCorePlugin) is not signed!
[22:50:13] [main/WARN] [FML]: Found FMLCorePluginContainsFMLMod marker in foamfix-0.10.14-1.12.2.jar. This is not recommended, @Mods should be in a separate jar from the coremod.
[22:50:13] [main/WARN] [FML]: The coremod pl.asie.foamfix.coremod.FoamFixCore does not have a MCVersion annotation, it may cause issues with this version of Minecraft
[22:50:13] [main/WARN] [FML]: Found FMLCorePluginContainsFMLMod marker in Forgelin-1.8.4.jar. This is not recommended, @Mods should be in a separate jar from the coremod.
[22:50:13] [main/WARN] [FML]: The coremod net.shadowfacts.forgelin.preloader.ForgelinPlugin does not have a MCVersion annotation, it may cause issues with this version of Minecraft
[22:50:13] [main/WARN] [FML]: The coremod ForgelinPlugin (net.shadowfacts.forgelin.preloader.ForgelinPlugin) is not signed!
[22:50:13] [main/INFO] [FML]: Loading tweaker org.spongepowered.asm.launch.MixinTweaker from malisiscore-1.12.2-6.5.1.jar
[22:50:13] [main/WARN] [FML]: Found FMLCorePluginContainsFMLMod marker in Mekanism-1.12.2-9.8.3.390.jar. This is not recommended, @Mods should be in a separate jar from the coremod.
[22:50:13] [main/WARN] [FML]: The coremod mekanism.coremod.MekanismCoremod does not have a MCVersion annotation, it may cause issues with this version of Minecraft
[22:50:13] [main/WARN] [FML]: The coremod MekanismCoremod (mekanism.coremod.MekanismCoremod) is not signed!
[22:50:13] [main/WARN] [FML]: Found FMLCorePluginContainsFMLMod marker in OpenComputers-MC1.12.2-1.7.5.192.jar. This is not recommended, @Mods should be in a separate jar from the coremod.
[22:50:13] [main/WARN] [FML]: The coremod li.cil.oc.common.launch.TransformerLoader does not have a MCVersion annotation, it may cause issues with this version of Minecraft
[22:50:13] [main/WARN] [FML]: The coremod TransformerLoader (li.cil.oc.common.launch.TransformerLoader) is not signed!
[22:50:13] [main/WARN] [FML]: Found FMLCorePluginContainsFMLMod marker in ResourceLoader-MC1.12.1-1.5.3.jar. This is not recommended, @Mods should be in a separate jar from the coremod.
[22:50:13] [main/WARN] [FML]: The coremod lumien.resourceloader.asm.LoadingPlugin does not have a MCVersion annotation, it may cause issues with this version of Minecraft
[22:50:13] [main/WARN] [FML]: Found FMLCorePluginContainsFMLMod marker in SmoothFont-mc1.12.2-2.1.2.jar. This is not recommended, @Mods should be in a separate jar from the coremod.
[22:50:13] [main/WARN] [FML]: The coremod bre.smoothfont.asm.CorePlugin does not have a MCVersion annotation, it may cause issues with this version of Minecraft
[22:50:13] [main/WARN] [FML]: The coremod CorePlugin (bre.smoothfont.asm.CorePlugin) is not signed!
[22:50:13] [main/WARN] [FML]: Found FMLCorePluginContainsFMLMod marker in SqueezerPatch-1.12.2-1.0.0.jar. This is not recommended, @Mods should be in a separate jar from the coremod.
[22:50:13] [main/WARN] [FML]: The coremod SqueezerCore (shadows.squeezer.SqueezerCore) is not signed!
[22:50:13] [main/INFO] [FML]: Loading tweaker org.spongepowered.asm.launch.MixinTweaker from Surge-1.12.2-2.0.77.jar
[22:50:13] [main/INFO] [LaunchWrapper]: Loading tweak class name net.minecraftforge.fml.common.launcher.FMLInjectionAndSortingTweaker
[22:50:13] [main/INFO] [LaunchWrapper]: Loading tweak class name codechicken.asm.internal.Tweaker
[22:50:13] [main/INFO] [LaunchWrapper]: Loading tweak class name org.spongepowered.asm.launch.MixinTweaker
[22:50:13] [main/INFO] [mixin]: SpongePowered MIXIN Subsystem Version=0.7.11 Source=file:/home/nathan/Documents/HEIG/minecraft-docker/api/minecraft-server-api/src/server-files/./mods/malisiscore-1.12.2-6.5.1.jar Service=LaunchWrapper Env=SERVER
[22:50:13] [main/WARN] [FML]: The coremod net.malisis.core.asm.MalisisCorePlugin does not have a MCVersion annotation, it may cause issues with this version of Minecraft
[22:50:13] [main/WARN] [FML]: The coremod MalisisCorePlugin (net.malisis.core.asm.MalisisCorePlugin) is not signed!
[22:50:13] [main/INFO] [mixin]: Compatibility level set to JAVA_8
[22:50:13] [main/WARN] [LaunchWrapper]: Tweak class name org.spongepowered.asm.launch.MixinTweaker has already been visited -- skipping
[22:50:13] [main/INFO] [LaunchWrapper]: Loading tweak class name net.minecraftforge.fml.common.launcher.FMLDeobfTweaker
[22:50:13] [main/INFO] [LaunchWrapper]: Calling tweak class net.minecraftforge.fml.common.launcher.FMLInjectionAndSortingTweaker
[22:50:13] [main/INFO] [LaunchWrapper]: Calling tweak class net.minecraftforge.fml.common.launcher.FMLInjectionAndSortingTweaker
[22:50:13] [main/INFO] [LaunchWrapper]: Calling tweak class net.minecraftforge.fml.relauncher.CoreModManager$FMLPluginWrapper
[22:50:14] [main/INFO] [FML]: Found valid fingerprint for Minecraft Forge. Certificate fingerprint e3c3d50c7c986df74c645c0ac54639741c90a557
[22:50:14] [main/INFO] [LaunchWrapper]: Calling tweak class net.minecraftforge.fml.relauncher.CoreModManager$FMLPluginWrapper
[22:50:14] [main/INFO] [LaunchWrapper]: Calling tweak class net.minecraftforge.fml.relauncher.CoreModManager$FMLPluginWrapper
[22:50:14] [main/INFO] [Aroma1997Core]: Finished data injection.
[22:50:14] [main/INFO] [Aroma1997Core]: Finished data injection.
[22:50:14] [main/INFO] [LaunchWrapper]: Calling tweak class net.minecraftforge.fml.relauncher.CoreModManager$FMLPluginWrapper
[22:50:14] [main/INFO] [LaunchWrapper]: Calling tweak class net.minecraftforge.fml.relauncher.CoreModManager$FMLPluginWrapper
[22:50:14] [main/INFO] [LaunchWrapper]: Calling tweak class net.minecraftforge.fml.relauncher.CoreModManager$FMLPluginWrapper
[22:50:14] [main/INFO] [LaunchWrapper]: Calling tweak class codechicken.asm.internal.Tweaker
[22:50:14] [main/INFO] [STDOUT]: [codechicken.asm.internal.Tweaker:injectIntoClassLoader:30]: false
[22:50:14] [main/INFO] [LaunchWrapper]: Calling tweak class org.spongepowered.asm.launch.MixinTweaker
[22:50:14] [main/INFO] [mixin]: Initialised Mixin FML Remapper Adapter with net.minecraftforge.fml.common.asm.transformers.deobf.FMLDeobfuscatingRemapper@16c8b7bd
[22:50:14] [main/INFO] [LaunchWrapper]: Calling tweak class net.minecraftforge.fml.common.launcher.FMLDeobfTweaker
[22:50:14] [main/INFO] [Astral Core]: [AstralTransformer] Loading patches...
[22:50:14] [main/INFO] [Astral Core]: [AstralTransformer] Initialized! Loaded 14 class patches!
[22:50:14] [main/INFO] [LaunchWrapper]: Calling tweak class net.minecraftforge.fml.relauncher.CoreModManager$FMLPluginWrapper
[22:50:14] [main/INFO] [LaunchWrapper]: Calling tweak class net.minecraftforge.fml.relauncher.CoreModManager$FMLPluginWrapper
[22:50:14] [main/INFO] [LaunchWrapper]: Calling tweak class net.minecraftforge.fml.relauncher.CoreModManager$FMLPluginWrapper
[22:50:14] [main/INFO] [BnBGamingCore]: Minecraft version is 1.12.2 and BNBGamingCore accepts versions 1.12, . It will be registered.
[22:50:14] [main/INFO] [BnBGamingCore]: Minecraft version is 1.12.2 and BNBGamingCore accepts versions 1.12, . It will be registered.
[22:50:14] [main/INFO] [LaunchWrapper]: Calling tweak class net.minecraftforge.fml.relauncher.CoreModManager$FMLPluginWrapper
[22:50:14] [main/INFO] [LaunchWrapper]: Calling tweak class net.minecraftforge.fml.relauncher.CoreModManager$FMLPluginWrapper
[22:50:14] [main/INFO] [LaunchWrapper]: Calling tweak class net.minecraftforge.fml.relauncher.CoreModManager$FMLPluginWrapper
[22:50:14] [main/INFO] [LaunchWrapper]: Calling tweak class net.minecraftforge.fml.relauncher.CoreModManager$FMLPluginWrapper
[22:50:14] [main/INFO] [LaunchWrapper]: Calling tweak class net.minecraftforge.fml.relauncher.CoreModManager$FMLPluginWrapper
[22:50:14] [main/INFO] [LaunchWrapper]: Calling tweak class net.minecraftforge.fml.relauncher.CoreModManager$FMLPluginWrapper
[22:50:14] [main/INFO] [LaunchWrapper]: Calling tweak class net.minecraftforge.fml.relauncher.CoreModManager$FMLPluginWrapper
[22:50:14] [main/INFO] [LaunchWrapper]: Loading tweak class name net.minecraftforge.fml.common.launcher.TerminalTweaker
[22:50:14] [main/INFO] [LaunchWrapper]: Loading tweak class name org.spongepowered.asm.mixin.EnvironmentStateTweaker
[22:50:14] [main/INFO] [LaunchWrapper]: Calling tweak class net.minecraftforge.fml.common.launcher.TerminalTweaker
[22:50:14] [main/INFO] [LaunchWrapper]: Calling tweak class org.spongepowered.asm.mixin.EnvironmentStateTweaker
[22:50:15] [main/INFO] [Astral Core]: [AstralTransformer] Transforming amu : net.minecraft.world.World with 2 patches!
[22:50:15] [main/INFO] [Astral Core]: [AstralTransformer] Skipping PATCHSUNBRIGHTNESSWORLDCLIENT as it can't be applied for side SERVER
[22:50:15] [main/INFO] [Astral Core]: [AstralTransformer] Applied patch PATCHSUNBRIGHTNESSWORLDCOMMON
[22:50:15] [main/INFO] [STDOUT]: [pl.asie.foamfix.coremod.FoamFixTransformer:spliceClasses:101]: Added INTERFACE: pl/asie/foamfix/coremod/patches/IFoamFixWorldRemovable
[22:50:15] [main/INFO] [STDOUT]: [pl.asie.foamfix.coremod.FoamFixTransformer:spliceClasses:141]: Added METHOD: net.minecraft.world.World.foamfix_removeUnloadedEntities
[22:50:15] [main/INFO] [STDOUT]: [pl.asie.foamfix.coremod.patches.WorldServerRemovalPatch:apply:57]: Patched updateEntities in net/minecraft/world/WorldServer func_72939_s
[22:50:15] [main/INFO] [BedPatch]: Patching Chunk
[22:50:15] [main/INFO] [STDOUT]: [pl.asie.patchy.helpers.ConstructorReplacingTransformer$FFMethodVisitor:visitTypeInsn:73]: Replaced NEW for net/minecraft/util/ClassInheritanceMultiMap to pl/asie/foamfix/coremod/common/FoamyClassInheritanceMultiMap
[22:50:15] [main/INFO] [STDOUT]: [pl.asie.patchy.helpers.ConstructorReplacingTransformer$FFMethodVisitor:visitMethodInsn:85]: Replaced INVOKESPECIAL for net/minecraft/util/ClassInheritanceMultiMap to pl/asie/foamfix/coremod/common/FoamyClassInheritanceMultiMap
[22:50:15] [main/INFO] [mixin]: A re-entrant transformer '$wrapper.pl.asie.foamfix.coremod.FoamFixTransformer' was detected and will no longer process meta class data
[22:50:15] [main/INFO] [Astral Core]: [AstralTransformer] Transforming pa : net.minecraft.network.NetHandlerPlayServer with 1 patches!
[22:50:15] [main/INFO] [Astral Core]: [AstralTransformer] Applied patch PATCHSERVEREXTENDENTITYINTERACTREACH
[22:50:15] [main/INFO] [Astral Core]: [AstralTransformer] Transforming amu : net.minecraft.world.World with 2 patches!
[22:50:15] [main/INFO] [Astral Core]: [AstralTransformer] Skipping PATCHSUNBRIGHTNESSWORLDCLIENT as it can't be applied for side SERVER
[22:50:15] [main/INFO] [Astral Core]: [AstralTransformer] Applied patch PATCHSUNBRIGHTNESSWORLDCOMMON
[22:50:15] [main/INFO] [STDOUT]: [pl.asie.foamfix.coremod.FoamFixTransformer:spliceClasses:101]: Added INTERFACE: pl/asie/foamfix/coremod/patches/IFoamFixWorldRemovable
[22:50:15] [main/INFO] [STDOUT]: [pl.asie.foamfix.coremod.FoamFixTransformer:spliceClasses:141]: Added METHOD: net.minecraft.world.World.foamfix_removeUnloadedEntities
[22:50:15] [main/INFO] [STDOUT]: [team.chisel.ctm.client.asm.CTMTransformer:preTransform:230]: Transforming Class [net.minecraft.block.Block], Method [getExtendedState]
[22:50:15] [main/INFO] [STDOUT]: [team.chisel.ctm.client.asm.CTMTransformer:finishTransform:242]: Transforming net.minecraft.block.Block Finished.
[22:50:15] [main/INFO] [STDOUT]: [pl.asie.foamfix.coremod.patches.WorldServerRemovalPatch:apply:57]: Patched updateEntities in net/minecraft/world/WorldServer func_72939_s
[22:50:15] [main/INFO] [EnderCore ASM]: Transforming net.minecraft.entity.player.EntityPlayer finished, added func_184613_cA() overriding EntityLivingBase
[22:50:15] [main/INFO] [Astral Core]: [AstralTransformer] Transforming vp : net.minecraft.entity.EntityLivingBase with 4 patches!
[22:50:15] [main/INFO] [Astral Core]: [AstralTransformer] Applied patch PATCHAPPLYPOTIONEFFECTEVENT
[22:50:15] [main/INFO] [Astral Core]: [AstralTransformer] Applied patch PATCHENTITYLIVINGBASEWATERSLOWDOWN
[22:50:15] [main/INFO] [Astral Core]: [AstralTransformer] Applied patch PATCHSETPLAYERATTRIBUTE
[22:50:15] [main/INFO] [Astral Core]: [AstralTransformer] Applied patch PATCHUPDATEELYTRA
[22:50:15] [main/INFO] [Apotheosis : Core]: Transforming EntityLivingBase...
[22:50:15] [main/INFO] [Apotheosis : Core]: Successfully transformed EntityLivingBase
[22:50:15] [main/INFO] [LaunchWrapper]: Launching wrapped minecraft {net.minecraft.server.MinecraftServer}
[22:50:15] [main/INFO] [STDOUT]: [team.chisel.ctm.client.asm.CTMTransformer:preTransform:230]: Transforming Class [net.minecraft.block.Block], Method [getExtendedState]
[22:50:15] [main/INFO] [STDOUT]: [team.chisel.ctm.client.asm.CTMTransformer:finishTransform:242]: Transforming net.minecraft.block.Block Finished.
[22:50:15] [main/INFO] [Apotheosis : Core]: Transforming Item...
[22:50:15] [main/INFO] [Apotheosis : Core]: Successfully transformed Item
[22:50:16] [main/INFO] [Astral Core]: [AstralTransformer] Transforming aip : net.minecraft.item.ItemStack with 2 patches!
[22:50:16] [main/INFO] [Astral Core]: [AstralTransformer] Skipping PATCHMODIFYENCHANTMENTLEVELSTOOLTIP as it can't be applied for side SERVER
[22:50:16] [main/INFO] [Astral Core]: [AstralTransformer] Skipping PATCHMODIFYENCHANTMENTLEVELSTOOLTIPEVENT as it can't be applied for side SERVER
[22:50:16] [main/INFO] [STDOUT]: [pl.asie.foamfix.coremod.FoamFixTransformer:spliceClasses:114]: Spliced in METHOD: net.minecraft.block.state.BlockStateContainer.createState
[22:50:16] [main/INFO] [STDOUT]: [pl.asie.foamfix.coremod.FoamFixTransformer:spliceClasses:165]: Added FIELD: net.minecraft.block.state.BlockStateContainer.foamfix_mapper
[22:50:16] [main/INFO] [STDOUT]: [pl.asie.foamfix.coremod.FoamFixTransformer:spliceClasses:114]: Spliced in METHOD: net.minecraft.block.properties.PropertyEnum.equals
[22:50:16] [main/INFO] [STDOUT]: [pl.asie.foamfix.coremod.FoamFixTransformer:spliceClasses:114]: Spliced in METHOD: net.minecraft.block.properties.PropertyEnum.hashCode
[22:50:16] [main/INFO] [STDOUT]: [pl.asie.foamfix.coremod.FoamFixTransformer:spliceClasses:165]: Added FIELD: net.minecraft.block.properties.PropertyEnum.foamfix_hashCode
[22:50:16] [main/INFO] [STDOUT]: [pl.asie.foamfix.coremod.FoamFixTransformer:spliceClasses:165]: Added FIELD: net.minecraft.block.properties.PropertyEnum.foamfix_hashCode_calced
[22:50:16] [main/INFO] [STDOUT]: [pl.asie.foamfix.coremod.FoamFixTransformer:spliceClasses:114]: Spliced in METHOD: net.minecraft.block.properties.PropertyInteger.hashCode
[22:50:16] [main/INFO] [STDOUT]: [pl.asie.foamfix.coremod.FoamFixTransformer:spliceClasses:165]: Added FIELD: net.minecraft.block.properties.PropertyInteger.foamfix_hashCode
[22:50:16] [main/INFO] [STDOUT]: [pl.asie.foamfix.coremod.FoamFixTransformer:spliceClasses:165]: Added FIELD: net.minecraft.block.properties.PropertyInteger.foamfix_hashCode_calced
[22:50:16] [main/INFO] [STDOUT]: [pl.asie.foamfix.coremod.FoamFixTransformer:spliceClasses:114]: Spliced in METHOD: net.minecraft.block.properties.PropertyBool.equals
[22:50:16] [main/INFO] [STDOUT]: [pl.asie.foamfix.coremod.FoamFixTransformer:spliceClasses:114]: Spliced in METHOD: net.minecraft.block.properties.PropertyBool.hashCode
[22:50:16] [main/INFO] [Astral Core]: [AstralTransformer] Transforming aip : net.minecraft.item.ItemStack with 2 patches!
[22:50:16] [main/INFO] [Astral Core]: [AstralTransformer] Skipping PATCHMODIFYENCHANTMENTLEVELSTOOLTIP as it can't be applied for side SERVER
[22:50:16] [main/INFO] [Astral Core]: [AstralTransformer] Skipping PATCHMODIFYENCHANTMENTLEVELSTOOLTIPEVENT as it can't be applied for side SERVER
[22:50:16] [main/INFO] [STDOUT]: [pl.asie.foamfix.coremod.FoamFixTransformer:spliceClasses:114]: Spliced in METHOD: net.minecraft.tileentity.TileEntity.func_190559_a
[22:50:16] [main/INFO] [Apotheosis : Core]: Transforming BlockBed...
[22:50:16] [main/INFO] [Apotheosis : Core]: Successfully transformed BlockBed
[22:50:16] [main/INFO] [STDOUT]: [pl.asie.foamfix.coremod.FoamFixTransformer:spliceClasses:114]: Spliced in METHOD: net.minecraft.block.BlockBed.func_189540_a
[22:50:16] [main/INFO] [STDOUT]: [pl.asie.foamfix.coremod.patches.GhostBusterBlockStateAccessPatch$FFMethodVisitor:visitMethodInsn:93]: Added ghost buster patch (getBlockState call wrapped) in net/minecraft/block/BlockFarmland func_176530_e (net/minecraft/world/World func_180495_p (Lnet/minecraft/util/math/BlockPos;)Lnet/minecraft/block/state/IBlockState;)
[22:50:16] [main/INFO] [OpenComputers]: Successfully patched net/minecraft/entity/EntityLiving.recreateLeash.
[22:50:16] [main/INFO] [STDOUT]: [pl.asie.patchy.helpers.ConstructorReplacingTransformer$FFMethodVisitor:visitTypeInsn:73]: Replaced NEW for net/minecraft/tileentity/TileEntityHopper to pl/asie/foamfix/common/TileEntityFasterHopper
[22:50:16] [main/INFO] [STDOUT]: [pl.asie.patchy.helpers.ConstructorReplacingTransformer$FFMethodVisitor:visitMethodInsn:85]: Replaced INVOKESPECIAL for net/minecraft/tileentity/TileEntityHopper to pl/asie/foamfix/common/TileEntityFasterHopper
[22:50:16] [main/INFO] [Apotheosis : Core]: Transforming SharedMonsterAttributes...
[22:50:16] [main/INFO] [Apotheosis : Core]: Successfully transformed SharedMonsterAttributes
[22:50:16] [main/INFO] [Apotheosis : Core]: Transforming Item...
[22:50:16] [main/INFO] [Apotheosis : Core]: Successfully transformed Item
[22:50:16] [main/INFO] [EnderCore ASM]: Transforming net.minecraft.entity.player.EntityPlayer finished, added func_184613_cA() overriding EntityLivingBase
[22:50:16] [main/INFO] [Apotheosis : Core]: Transforming ItemArrow...
[22:50:16] [main/INFO] [Apotheosis : Core]: Successfully transformed ItemArrow
[22:50:16] [main/INFO] [EnderCore ASM]: Transforming Class [net.minecraft.entity.item.EntityItemFrame], Method [func_184230_a]
[22:50:16] [main/INFO] [EnderCore ASM]: Transforming net.minecraft.entity.item.EntityItemFrame Finished.
[22:50:16] [main/INFO] [Apotheosis : Core]: Transforming PotionEffect...
[22:50:16] [main/INFO] [Apotheosis : Core]: Successfully transformed PotionEffect
[22:50:17] [main/INFO] [Astral Core]: [AstralTransformer] Transforming wg : net.minecraft.entity.ai.attributes.AbstractAttributeMap with 1 patches!
[22:50:17] [main/INFO] [Astral Core]: [AstralTransformer] Applied patch PATCHADDPLAYERATTRIBUTE
[22:50:17] [main/INFO] [STDOUT]: [pl.asie.foamfix.coremod.FoamFixTransformer:spliceClasses:101]: Added INTERFACE: pl/asie/foamfix/api/IFoamFixMobSpawnerLogic
[22:50:17] [main/INFO] [STDOUT]: [pl.asie.foamfix.coremod.FoamFixTransformer:spliceClasses:114]: Spliced in METHOD: net.minecraft.tileentity.MobSpawnerBaseLogic.func_98279_f
[22:50:17] [main/INFO] [STDOUT]: [pl.asie.foamfix.coremod.FoamFixTransformer:spliceClasses:165]: Added FIELD: net.minecraft.tileentity.MobSpawnerBaseLogic.foamfix_activatedCache
[22:50:17] [main/INFO] [STDOUT]: [pl.asie.foamfix.coremod.FoamFixTransformer:spliceClasses:165]: Added FIELD: net.minecraft.tileentity.MobSpawnerBaseLogic.foamfix_activatedCachePESize
[22:50:17] [main/INFO] [STDOUT]: [pl.asie.foamfix.coremod.FoamFixTransformer:spliceClasses:165]: Added FIELD: net.minecraft.tileentity.MobSpawnerBaseLogic.foamfix_activatedCacheTime
[22:50:17] [main/INFO] [STDOUT]: [pl.asie.foamfix.coremod.FoamFixTransformer:spliceClasses:165]: Added FIELD: net.minecraft.tileentity.MobSpawnerBaseLogic.foamfix_forcedCache
[22:50:17] [main/INFO] [STDOUT]: [pl.asie.foamfix.coremod.FoamFixTransformer:spliceClasses:165]: Added FIELD: net.minecraft.tileentity.MobSpawnerBaseLogic.foamfix_forcedCacheTime
[22:50:17] [main/INFO] [EnderCore ASM]: Transforming Class [net.minecraft.entity.ai.EntityAICreeperSwell], Method [func_75246_d]
[22:50:17] [main/INFO] [EnderCore ASM]: Transforming net.minecraft.entity.ai.EntityAICreeperSwell Finished.
[22:50:17] [main/INFO] [Apotheosis : Core]: Transforming EntityAITempt...
[22:50:17] [main/INFO] [Apotheosis : Core]: Successfully transformed EntityAITempt
[22:50:17] [main/INFO] [OpenComputers]: Successfully patched net/minecraft/entity/EntityLiving.recreateLeash.
[22:50:17] [main/INFO] [Astral Core]: [AstralTransformer] Transforming vp : net.minecraft.entity.EntityLivingBase with 4 patches!
[22:50:17] [main/INFO] [Astral Core]: [AstralTransformer] Applied patch PATCHAPPLYPOTIONEFFECTEVENT
[22:50:17] [main/INFO] [Astral Core]: [AstralTransformer] Applied patch PATCHENTITYLIVINGBASEWATERSLOWDOWN
[22:50:17] [main/INFO] [Astral Core]: [AstralTransformer] Applied patch PATCHSETPLAYERATTRIBUTE
[22:50:17] [main/INFO] [Astral Core]: [AstralTransformer] Applied patch PATCHUPDATEELYTRA
[22:50:17] [main/INFO] [Apotheosis : Core]: Transforming EntityLivingBase...
[22:50:17] [main/INFO] [Apotheosis : Core]: Successfully transformed EntityLivingBase
[22:50:17] [main/INFO] [EnderCore ASM]: Transforming Class [net.minecraft.inventory.ContainerFurnace], Method [func_82846_b]
[22:50:17] [main/INFO] [EnderCore ASM]: Transforming net.minecraft.inventory.ContainerFurnace Finished.
[22:50:17] [main/INFO] [Apotheosis : Core]: Transforming TileEntityMobSpawner$2...
[22:50:17] [main/INFO] [Apotheosis : Core]: Successfully transformed TileEntityMobSpawner$2
[22:50:17] [Server thread/INFO] [net.minecraft.server.dedicated.DedicatedServer]: Starting minecraft server version 1.12.2
[22:50:17] [Server thread/INFO] [FML]: MinecraftForge v14.23.5.2860 Initialized
[22:50:17] [Server thread/INFO] [FML]: Starts to replace vanilla recipe ingredients with ore ingredients.
[22:50:17] [Server thread/INFO] [FML]: Invalid recipe found with multiple oredict ingredients in the same ingredient...
[22:50:18] [Server thread/INFO] [FML]: Replaced 1227 ore ingredients
[22:50:18] [Server thread/INFO] [FML]: Searching /home/nathan/Documents/HEIG/minecraft-docker/api/minecraft-server-api/src/server-files/./mods for mods
[22:50:18] [Server thread/INFO] [FML]: Searching /home/nathan/Documents/HEIG/minecraft-docker/api/minecraft-server-api/src/server-files/./mods/1.12.2 for mods
[22:50:18] [Server thread/WARN] [FML]: Mod aroma1997core is missing the required element 'version' and a version.properties file could not be found. Falling back to metadata version 2.0.0.2.b167
[22:50:18] [Server thread/WARN] [FML]: Mod aromabackup is missing the required element 'version' and a version.properties file could not be found. Falling back to metadata version 3.0.0.0.b132
[22:50:18] [Server thread/WARN] [FML]: Mod aromabackuprecovery is missing the required element 'version' and a version.properties file could not be found. Falling back to metadata version 3.0.0.0.b132
[22:50:18] [Server thread/INFO] [FML]: Disabling mod betteradvancements it is client side only.
[22:50:18] [Server Shutdown Thread/INFO] [net.minecraft.server.MinecraftServer]: Stopping server
[22:50:18] [Server Shutdown Thread/INFO] [net.minecraft.server.MinecraftServer]: Saving worlds
